2025-05-03 05:07:11.547 [info] [main] Log level: Info
2025-05-03 05:07:11.547 [info] [main] Validating found git in: "git"
2025-05-03 05:07:11.547 [info] [main] Using git "2.43.0" from "git"
2025-05-03 05:07:11.547 [info] [Model][doInitialScan] Initial repository scan started
2025-05-03 05:07:11.547 [info] > git rev-parse --show-toplevel [3ms]
2025-05-03 05:07:11.547 [info] fatal: not a git repository (or any parent up to mount point /)
Stopping at filesystem boundary (GIT_DISCOVERY_ACROSS_FILESYSTEM not set).
2025-05-03 05:07:11.547 [info] > git rev-parse --show-toplevel [1ms]
2025-05-03 05:07:11.547 [info] fatal: not a git repository (or any parent up to mount point /)
Stopping at filesystem boundary (GIT_DISCOVERY_ACROSS_FILESYSTEM not set).
2025-05-03 05:07:11.547 [info] > git rev-parse --show-toplevel [2ms]
2025-05-03 05:07:11.547 [info] fatal: not a git repository (or any parent up to mount point /)
Stopping at filesystem boundary (GIT_DISCOVERY_ACROSS_FILESYSTEM not set).
2025-05-03 05:07:11.547 [info] > git rev-parse --show-toplevel [1ms]
2025-05-03 05:07:11.547 [info] fatal: not a git repository (or any parent up to mount point /)
Stopping at filesystem boundary (GIT_DISCOVERY_ACROSS_FILESYSTEM not set).
2025-05-03 05:07:11.547 [info] > git rev-parse --show-toplevel [1ms]
2025-05-03 05:07:11.547 [info] fatal: not a git repository (or any parent up to mount point /)
Stopping at filesystem boundary (GIT_DISCOVERY_ACROSS_FILESYSTEM not set).
2025-05-03 05:07:11.547 [info] > git rev-parse --show-toplevel [0ms]
2025-05-03 05:07:11.547 [info] fatal: not a git repository (or any parent up to mount point /)
Stopping at filesystem boundary (GIT_DISCOVERY_ACROSS_FILESYSTEM not set).
2025-05-03 05:07:11.547 [info] > git rev-parse --show-toplevel [0ms]
2025-05-03 05:07:11.547 [info] fatal: not a git repository (or any parent up to mount point /)
Stopping at filesystem boundary (GIT_DISCOVERY_ACROSS_FILESYSTEM not set).
2025-05-03 05:07:11.547 [info] > git rev-parse --show-toplevel [1ms]
2025-05-03 05:07:11.547 [info] fatal: not a git repository (or any parent up to mount point /)
Stopping at filesystem boundary (GIT_DISCOVERY_ACROSS_FILESYSTEM not set).
2025-05-03 05:07:11.547 [info] > git rev-parse --show-toplevel [1ms]
2025-05-03 05:07:11.547 [info] fatal: not a git repository (or any parent up to mount point /)
Stopping at filesystem boundary (GIT_DISCOVERY_ACROSS_FILESYSTEM not set).
2025-05-03 05:07:11.551 [info] > git rev-parse --show-toplevel [18ms]
2025-05-03 05:07:11.556 [info] > git rev-parse --git-dir --git-common-dir [1ms]
2025-05-03 05:07:11.565 [info] [Model][openRepository] Opened repository: /home/g22051969/jenkinsrealtime
2025-05-03 05:07:11.567 [info] [Model][doInitialScan] Initial repository scan completed - repositories (1), closed repositories (0), parent repositories (0), unsafe repositories (0)
2025-05-03 05:07:11.574 [info] > git config --get commit.template [3ms]
2025-05-03 05:07:11.646 [info] > git for-each-ref --format=%(refname)%00%(upstream:short)%00%(objectname)%00%(upstream:track)%00%(upstream:remotename)%00%(upstream:remoteref) refs/heads/master refs/remotes/master [74ms]
2025-05-03 05:07:11.649 [warning] [Git][revParse] Unable to read file: ENOENT: no such file or directory, open '/home/g22051969/jenkinsrealtime/.git/refs/remotes/origin/master'
2025-05-03 05:07:11.650 [info] > git rev-parse refs/remotes/origin/master [1ms]
2025-05-03 05:07:11.659 [info] > git for-each-ref --sort -committerdate --format %(refname) %(objectname) %(*objectname) [3ms]
2025-05-03 05:07:11.704 [info] > git status -z -uall [51ms]
2025-05-03 05:07:11.725 [info] > git for-each-ref --format=%(refname)%00%(upstream:short)%00%(objectname)%00%(upstream:track)%00%(upstream:remotename)%00%(upstream:remoteref) refs/heads/master refs/remotes/master [10ms]
2025-05-03 05:07:11.729 [info] > git config --get commit.template [8ms]
2025-05-03 05:07:11.732 [info] > git config --local branch.master.vscode-merge-base [4ms]
2025-05-03 05:07:11.732 [warning] [Git][config] git config failed: Failed to execute git
2025-05-03 05:07:11.735 [info] > git for-each-ref --format=%(refname)%00%(upstream:short)%00%(objectname)%00%(upstream:track)%00%(upstream:remotename)%00%(upstream:remoteref) refs/heads/master refs/remotes/master [4ms]
2025-05-03 05:07:11.737 [warning] [Git][revParse] Unable to read file: ENOENT: no such file or directory, open '/home/g22051969/jenkinsrealtime/.git/refs/remotes/origin/master'
2025-05-03 05:07:11.738 [info] > git rev-parse refs/remotes/origin/master [1ms]
2025-05-03 05:07:11.743 [info] > git reflog master --grep-reflog=branch: Created from *. [9ms]
2025-05-03 05:07:11.746 [info] > git status -z -uall [6ms]
2025-05-03 05:07:11.747 [info] > git for-each-ref --sort -committerdate --format %(refname) %(objectname) %(*objectname) [3ms]
2025-05-03 05:07:11.753 [info] > git symbolic-ref --short refs/remotes/origin/HEAD [7ms]
2025-05-03 05:07:11.755 [info] > git for-each-ref --format=%(refname)%00%(upstream:short)%00%(objectname)%00%(upstream:track)%00%(upstream:remotename)%00%(upstream:remoteref) refs/heads/master refs/remotes/master [4ms]
2025-05-03 05:07:11.759 [info] > git for-each-ref --format=%(refname)%00%(upstream:short)%00%(objectname)%00%(upstream:track)%00%(upstream:remotename)%00%(upstream:remoteref) refs/heads/origin/master refs/remotes/origin/master [4ms]
2025-05-03 05:07:11.762 [info] > git config --local branch.master.vscode-merge-base [4ms]
2025-05-03 05:07:11.762 [warning] [Git][config] git config failed: Failed to execute git
2025-05-03 05:07:11.765 [info] > git config --local branch.master.vscode-merge-base origin/master [4ms]
2025-05-03 05:07:11.768 [info] > git reflog master --grep-reflog=branch: Created from *. [4ms]
2025-05-03 05:07:11.772 [info] > git config --get commit.template [5ms]
2025-05-03 05:07:11.773 [info] > git symbolic-ref --short refs/remotes/origin/HEAD [3ms]
2025-05-03 05:07:11.775 [info] > git for-each-ref --format=%(refname)%00%(upstream:short)%00%(objectname)%00%(upstream:track)%00%(upstream:remotename)%00%(upstream:remoteref) refs/heads/master refs/remotes/master [3ms]
2025-05-03 05:07:11.777 [warning] [Git][revParse] Unable to read file: ENOENT: no such file or directory, open '/home/g22051969/jenkinsrealtime/.git/refs/remotes/origin/master'
2025-05-03 05:07:11.778 [info] > git for-each-ref --format=%(refname)%00%(upstream:short)%00%(objectname)%00%(upstream:track)%00%(upstream:remotename)%00%(upstream:remoteref) refs/heads/origin/master refs/remotes/origin/master [2ms]
2025-05-03 05:07:11.781 [info] > git rev-parse refs/remotes/origin/master [4ms]
2025-05-03 05:07:11.787 [info] > git config --local branch.master.vscode-merge-base origin/master [7ms]
2025-05-03 05:07:11.788 [info] > git for-each-ref --sort -committerdate --format %(refname) %(objectname) %(*objectname) [2ms] (cancelled)
2025-05-03 05:07:11.821 [info] > git status -z -uall [38ms] (cancelled)
2025-05-03 05:07:11.822 [info] > git merge-base refs/heads/master refs/remotes/origin/master [28ms]
2025-05-03 05:07:11.825 [info] > git for-each-ref --format=%(refname)%00%(upstream:short)%00%(objectname)%00%(upstream:track)%00%(upstream:remotename)%00%(upstream:remoteref) refs/heads/master refs/remotes/master [34ms]
2025-05-03 05:07:11.831 [info] > git config --get commit.template [10ms]
2025-05-03 05:07:11.831 [info] > git config --local branch.master.vscode-merge-base [4ms]
2025-05-03 05:07:11.836 [info] > git diff --name-status -z --diff-filter=ADMR d97cd87967adc17e2b3c461232e8a5cc17daf1bb...refs/remotes/origin/master [12ms]
2025-05-03 05:07:11.837 [info] > git for-each-ref --format=%(refname)%00%(upstream:short)%00%(objectname)%00%(upstream:track)%00%(upstream:remotename)%00%(upstream:remoteref) refs/heads/origin/master refs/remotes/origin/master [4ms]
2025-05-03 05:07:11.838 [info] > git for-each-ref --format=%(refname)%00%(upstream:short)%00%(objectname)%00%(upstream:track)%00%(upstream:remotename)%00%(upstream:remoteref) refs/heads/master refs/remotes/master [2ms]
2025-05-03 05:07:11.840 [warning] [Git][revParse] Unable to read file: ENOENT: no such file or directory, open '/home/g22051969/jenkinsrealtime/.git/refs/remotes/origin/master'
2025-05-03 05:07:11.841 [info] > git rev-parse refs/remotes/origin/master [1ms]
2025-05-03 05:07:11.847 [info] > git for-each-ref --sort -committerdate --format %(refname) %(objectname) %(*objectname) [2ms]
2025-05-03 05:07:11.848 [info] > git status -z -uall [5ms]
2025-05-03 05:07:12.335 [info] > git check-ignore -v -z --stdin [1ms]
2025-05-03 05:07:14.379 [info] > git rev-parse --show-toplevel [1ms]
2025-05-03 05:07:14.379 [info] fatal: not a git repository (or any parent up to mount point /)
Stopping at filesystem boundary (GIT_DISCOVERY_ACROSS_FILESYSTEM not set).
2025-05-03 05:07:15.368 [info] > git config --get commit.template [3ms]
2025-05-03 05:07:15.369 [info] > git for-each-ref --format=%(refname)%00%(upstream:short)%00%(objectname)%00%(upstream:track)%00%(upstream:remotename)%00%(upstream:remoteref) refs/heads/master refs/remotes/master [2ms]
2025-05-03 05:07:15.371 [warning] [Git][revParse] Unable to read file: ENOENT: no such file or directory, open '/home/g22051969/jenkinsrealtime/.git/refs/remotes/origin/master'
2025-05-03 05:07:15.372 [info] > git rev-parse refs/remotes/origin/master [1ms]
2025-05-03 05:07:15.378 [info] > git status -z -uall [4ms]
2025-05-03 05:07:15.378 [info] > git for-each-ref --sort -committerdate --format %(refname) %(objectname) %(*objectname) [2ms]
2025-05-03 05:07:26.578 [info] > git rev-parse --show-toplevel [77ms]
2025-05-03 05:07:26.578 [info] fatal: not a git repository (or any parent up to mount point /)
Stopping at filesystem boundary (GIT_DISCOVERY_ACROSS_FILESYSTEM not set).
2025-05-03 05:07:27.703 [info] > git rev-parse --show-toplevel [1ms]
2025-05-03 05:07:27.704 [info] fatal: not a git repository (or any parent up to mount point /)
Stopping at filesystem boundary (GIT_DISCOVERY_ACROSS_FILESYSTEM not set).
2025-05-03 05:07:29.123 [info] > git config --get commit.template [47ms]
2025-05-03 05:07:29.192 [info] > git for-each-ref --format=%(refname)%00%(upstream:short)%00%(objectname)%00%(upstream:track)%00%(upstream:remotename)%00%(upstream:remoteref) refs/heads/master refs/remotes/master [34ms]
2025-05-03 05:07:29.219 [warning] [Git][revParse] Unable to read file: ENOENT: no such file or directory, open '/home/g22051969/jenkinsrealtime/.git/refs/remotes/origin/master'
2025-05-03 05:07:29.230 [info] > git rev-parse refs/remotes/origin/master [11ms]
2025-05-03 05:07:29.270 [info] > git status -z -uall [27ms]
2025-05-03 05:07:29.286 [info] > git for-each-ref --sort -committerdate --format %(refname) %(objectname) %(*objectname) [18ms]
2025-05-03 05:07:35.066 [info] > git config --get commit.template [25ms]
2025-05-03 05:07:35.089 [info] > git for-each-ref --format=%(refname)%00%(upstream:short)%00%(objectname)%00%(upstream:track)%00%(upstream:remotename)%00%(upstream:remoteref) refs/heads/master refs/remotes/master [5ms]
2025-05-03 05:07:35.102 [warning] [Git][revParse] Unable to read file: ENOENT: no such file or directory, open '/home/g22051969/jenkinsrealtime/.git/refs/remotes/origin/master'
2025-05-03 05:07:35.107 [info] > git rev-parse refs/remotes/origin/master [5ms]
2025-05-03 05:07:35.139 [info] > git status -z -uall [19ms]
2025-05-03 05:07:35.141 [info] > git for-each-ref --sort -committerdate --format %(refname) %(objectname) %(*objectname) [3ms]
