2025-05-16 02:15:13.360 [info] Extension host with pid 1287 started
2025-05-16 02:15:13.521 [info] ExtensionService#_doActivateExtension vscode.emmet, startup: false, activationEvent: 'onLanguage'
2025-05-16 02:15:13.635 [info] ExtensionService#_doActivateExtension vscode.git-base, startup: true, activationEvent: '*', root cause: vscode.git
2025-05-16 02:15:13.704 [info] ExtensionService#_doActivateExtension vscode.git, startup: true, activationEvent: '*'
2025-05-16 02:15:13.705 [info] ExtensionService#_doActivateExtension vscode.github, startup: true, activationEvent: '*'
2025-05-16 02:15:13.950 [info] Eager extensions activated
2025-05-16 02:15:13.950 [info] ExtensionService#_doActivateExtension EditorConfig.EditorConfig, startup: false, activationEvent: 'onStartupFinished'
2025-05-16 02:15:13.950 [info] ExtensionService#_doActivateExtension google.cloud-shell, startup: false, activationEvent: 'onStartupFinished'
2025-05-16 02:15:13.951 [info] ExtensionService#_doActivateExtension google.geminicodeassist, startup: false, activationEvent: 'onStartupFinished', root cause: googlecloudtools.cloudcode
2025-05-16 02:15:13.951 [info] ExtensionService#_doActivateExtension vscode.debug-auto-launch, startup: false, activationEvent: 'onStartupFinished'
2025-05-16 02:15:13.951 [info] ExtensionService#_doActivateExtension vscode.merge-conflict, startup: false, activationEvent: 'onStartupFinished'
2025-05-16 02:15:15.809 [info] ExtensionService#_doActivateExtension vscode.configuration-editing, startup: false, activationEvent: 'onLanguage:jsonc'
2025-05-16 02:15:15.809 [info] ExtensionService#_doActivateExtension vscode.json-language-features, startup: false, activationEvent: 'onLanguage:jsonc'
2025-05-16 02:15:15.810 [info] ExtensionService#_doActivateExtension vscode.typescript-language-features, startup: false, activationEvent: 'onLanguage:jsonc'
2025-05-16 02:15:15.977 [info] ExtensionService#_doActivateExtension googlecloudtools.cloudcode, startup: false, activationEvent: 'onStartupFinished'
2025-05-16 02:15:18.060 [error] onWillSaveTextDocument-listener from extension 'EditorConfig.EditorConfig' threw ERROR
2025-05-16 02:15:18.066 [error] Error: timeout
    at Timeout._onTimeout (file:///google/devshell/editor/code-oss-for-cloud-shell/out/vs/workbench/api/node/extensionHostProcess.js:137:99781)
    at listOnTimeout (node:internal/timers:581:17)
    at processTimers (node:internal/timers:519:7)
2025-05-16 03:15:30.180 [error] Error: Tool with identifier docs already registered.
    at a.register (/google/devshell/editor/code-oss-for-cloud-shell/extensions/geminicodeassist/dist/webpack:/src/ai-companion/gemini_tool_service.ts:24:13)
    at forEach (/google/devshell/editor/code-oss-for-cloud-shell/extensions/geminicodeassist/dist/webpack:/src/ai-companion/ai_language_client.ts:317:58)
    at Array.forEach (<anonymous>)
    at t.AILanguageClient.<anonymous> (/google/devshell/editor/code-oss-for-cloud-shell/extensions/geminicodeassist/dist/webpack:/src/ai-companion/ai_language_client.ts:317:25)
    at Generator.next (<anonymous>)
    at s (/google/devshell/editor/code-oss-for-cloud-shell/extensions/geminicodeassist/dist/webpack:/src/ai-companion/ai_document_context.ts:90:3)
2025-05-16 04:15:33.769 [error] Error: Tool with identifier docs already registered.
    at a.register (/google/devshell/editor/code-oss-for-cloud-shell/extensions/geminicodeassist/dist/webpack:/src/ai-companion/gemini_tool_service.ts:24:13)
    at forEach (/google/devshell/editor/code-oss-for-cloud-shell/extensions/geminicodeassist/dist/webpack:/src/ai-companion/ai_language_client.ts:317:58)
    at Array.forEach (<anonymous>)
    at t.AILanguageClient.<anonymous> (/google/devshell/editor/code-oss-for-cloud-shell/extensions/geminicodeassist/dist/webpack:/src/ai-companion/ai_language_client.ts:317:25)
    at Generator.next (<anonymous>)
    at s (/google/devshell/editor/code-oss-for-cloud-shell/extensions/geminicodeassist/dist/webpack:/src/ai-companion/ai_document_context.ts:90:3)
2025-05-16 05:15:31.424 [error] unauthorized. cloudshell.authorize {"value":"google.cloud-shell","_lower":"google.cloud-shell"}
2025-05-16 05:15:32.427 [error] Error: Error calling Cloud Shell Theia Authorization. undefined
    at t.CloudShellTheiaAuth.<anonymous> (/google/devshell/editor/code-oss-for-cloud-shell/extensions/geminicodeassist/dist/webpack:/common/packages/cloudshell/authorization.ts:73:13)
    at Generator.throw (<anonymous>)
    at i (/google/devshell/editor/code-oss-for-cloud-shell/extensions/geminicodeassist/dist/webpack:/common/packages/citation/index.ts:14:1)
