Initializing document watcher...
Document watcher initialized
g22051969/demo3.yaml: {}
g22051969/demo2.yaml: {}
g22051969/demo3.yaml: {}
g22051969/demo2.yaml: {}
g22051969/demo3.yaml: {}
g22051969/test-file: {}
g22051969/test-file: Using EditorConfig core...
g22051969/test-file: Using EditorConfig core...
g22051969/test-file: Using EditorConfig core...
g22051969/test-file: Using EditorConfig core...
g22051969/test-file: Using EditorConfig core...
g22051969/test-file: Using EditorConfig core...
g22051969/test-file: Using EditorConfig core...
g22051969/test-file: Using EditorConfig core...
g22051969/test-file: Using EditorConfig core...
g22051969/test-file: Using EditorConfig core...
g22051969/demo3.yaml: {}
g22051969/demo3.yaml: Using EditorConfig core...
g22051969/demo3.yaml: Using EditorConfig core...
g22051969/demo3.yaml: Using EditorConfig core...
g22051969/demo3.yaml: Using EditorConfig core...
g22051969/demo3.yaml: Using EditorConfig core...
g22051969/demo3.yaml: Using EditorConfig core...
g22051969/demo3.yaml: Using EditorConfig core...
g22051969/demo3.yaml: Using EditorConfig core...
g22051969/demo2.yaml: {}
g22051969/demo3.yaml: {}
g22051969/demo3.yaml: {}
g22051969/demo3.yaml: Using EditorConfig core...
g22051969/demo3.yaml: Using EditorConfig core...
g22051969/test-file: {}
g22051969/test-file: {}
g22051969/test-file: Using EditorConfig core...
g22051969/test-file: Using EditorConfig core...
g22051969/demo3.yaml: {}
g22051969/demo3.yaml: Using EditorConfig core...
g22051969/demo3.yaml: {}
g22051969/demo2.yaml: {}
g22051969/demo3.yaml: {}
g22051969/demo2.yaml: {}
g22051969/demo2.yaml: {}
g22051969/demo2.yaml: {}
g22051969/demo2.yaml: {}
g22051969/demo2.yaml: Using EditorConfig core...
g22051969/demo2.yaml: Using EditorConfig core...
g22051969/demo2.yaml: Using EditorConfig core...
g22051969/demo2.yaml: Using EditorConfig core...
g22051969/demo2.yaml: Using EditorConfig core...
g22051969/demo2.yaml: Using EditorConfig core...
g22051969/demo2.yaml: {}
g22051969/demo2.yaml: Using EditorConfig core...
g22051969/demo2.yaml: Using EditorConfig core...
g22051969/demo2.yaml: Using EditorConfig core...
g22051969/demo2.yaml: {}
g22051969/demo3.yaml: {}
g22051969/demo3.yaml: {}
g22051969/demo3.yaml: Using EditorConfig core...
g22051969/demo3.yaml: Using EditorConfig core...
g22051969/demo3.yaml: Using EditorConfig core...
g22051969/demo3.yaml: Using EditorConfig core...
g22051969/demo3.yaml: Using EditorConfig core...
g22051969/demo3.yaml: {}
g22051969/demo3.yaml: Using EditorConfig core...
g22051969/demo3.yaml: Using EditorConfig core...
g22051969/demo3.yaml: Using EditorConfig core...
g22051969/demo3.yaml: Using EditorConfig core...
g22051969/demo3.yaml: Using EditorConfig core...
g22051969/demo3.yaml: {}
g22051969/demo2.yaml: {}
g22051969/demo2.yaml: Using EditorConfig core...
g22051969/demo2.yaml: Using EditorConfig core...
g22051969/demo2.yaml: Using EditorConfig core...
g22051969/demo2.yaml: Using EditorConfig core...
g22051969/demo2.yaml: {}
g22051969/demo2.yaml: Using EditorConfig core...
g22051969/demo2.yaml: Using EditorConfig core...
g22051969/demo2.yaml: Using EditorConfig core...
g22051969/demo2.yaml: Using EditorConfig core...
g22051969/demo2.yaml: Using EditorConfig core...
g22051969/demo2.yaml: Using EditorConfig core...
g22051969/demo2.yaml: {}
g22051969/demo3.yaml: {}
g22051969/demo3.yaml: Using EditorConfig core...
g22051969/demo3.yaml: Using EditorConfig core...
g22051969/demo2.yaml: {}
g22051969/demo2.yaml: Using EditorConfig core...
g22051969/demo2.yaml: Using EditorConfig core...
g22051969/demo2.yaml: Using EditorConfig core...
g22051969/demo2.yaml: {}
g22051969/demo2.yaml: {}
g22051969/demo2.yaml: {}
g22051969/demo2.yaml: {}
g22051969/demo2.yaml: {}
g22051969/demo2.yaml: {}
